<?xml version="1.0" encoding="UTF-8"?>
<testsuite xmlns:xsi="http://www.w3.org/2001/XMLSchema-instance" xsi:noNamespaceSchemaLocation="https://maven.apache.org/surefire/maven-surefire-plugin/xsd/surefire-test-report.xsd" version="3.0.2" name="com.wenbobi.springmvc_demo1.SpringMvcDemo1ApplicationTests" time="4.71" tests="1" errors="0" skipped="0" failures="0" flakes="0">
  <properties>
[...]
</properties>
  <testcase name="contextLoads" classname="com.wenbobi.springmvc_demo1.SpringMvcDemo1ApplicationTests" time="1.868">
    <system-out><![CDATA[12:53:30.638 [main] INFO org.springframework.test.context.support.AnnotationConfigContextLoaderUtils -- Could not detect default configuration classes for test class [com.wenbobi.springmvc_demo1.SpringMvcDemo1ApplicationTests]: SpringMvcDemo1ApplicationTests does not declare any static, non-private, non-final, nested classes annotated with @Configuration.
12:53:30.851 [main] INFO org.springframework.boot.test.context.SpringBootTestContextBootstrapper -- Found @SpringBootConfiguration com.wenbobi.springmvc_demo1.SpringMvcDemo1Application for test class com.wenbobi.springmvc_demo1.SpringMvcDemo1ApplicationTests
12:53:30.989 [main] INFO org.springframework.test.context.support.AnnotationConfigContextLoaderUtils -- Could not detect default configuration classes for test class [com.wenbobi.springmvc_demo1.SpringMvcDemo1ApplicationTests]: SpringMvcDemo1ApplicationTests does not declare any static, non-private, non-final, nested classes annotated with @Configuration.
12:53:30.992 [main] INFO org.springframework.boot.test.context.SpringBootTestContextBootstrapper -- Found @SpringBootConfiguration com.wenbobi.springmvc_demo1.SpringMvcDemo1Application for test class com.wenbobi.springmvc_demo1.SpringMvcDemo1ApplicationTests

  .   ____          _            __ _ _
 /\\ / ___'_ __ _ _(_)_ __  __ _ \ \ \ \
( ( )\___ | '_ | '_| | '_ \/ _` | \ \ \ \
 \\/  ___)| |_)| | | | | || (_| |  ) ) ) )
  '  |____| .__|_| |_|_| |_\__, | / / / /
 =========|_|==============|___/=/_/_/_/

 :: Spring Boot ::                (v4.1.0)

2026-07-17T12:53:31.598+08:00  INFO 59544 --- [SpringMVC_demo1] [           main] c.w.s.SpringMvcDemo1ApplicationTests     : Starting SpringMvcDemo1ApplicationTests using Java 24.0.1 with PID 59544 (started by 21994 in D:\java_code\Java_learning\SpringMVC_demo1)
2026-07-17T12:53:31.601+08:00  INFO 59544 --- [SpringMVC_demo1] [           main] c.w.s.SpringMvcDemo1ApplicationTests     : No active profile set, falling back to 1 default profile: "default"
2026-07-17T12:53:32.760+08:00  INFO 59544 --- [SpringMVC_demo1] [           main] o.s.b.w.a.WelcomePageHandlerMapping      : Adding welcome page: class path resource [static/index.html]
2026-07-17T12:53:33.176+08:00  INFO 59544 --- [SpringMVC_demo1] [           main] c.w.s.SpringMvcDemo1ApplicationTests     : Started SpringMvcDemo1ApplicationTests in 2.076 seconds (process running for 5.472)
]]></system-out>
    <system-err><![CDATA[Mockito is currently self-attaching to enable the inline-mock-maker. This will no longer work in future releases of the JDK. Please add Mockito as an agent to your build as described in Mockito's documentation: https://javadoc.io/doc/org.mockito/mockito-core/latest/org.mockito/org/mockito/Mockito.html#0.3
WARNING: A Java agent has been loaded dynamically (D:\mvn\net\bytebuddy\byte-buddy-agent\1.18.10\byte-buddy-agent-1.18.10.jar)
WARNING: If a serviceability tool is in use, please run with -XX:+EnableDynamicAgentLoading to hide this warning
WARNING: If a serviceability tool is not in use, please run with -Djdk.instrument.traceUsage for more information
WARNING: Dynamic loading of agents will be disallowed by default in a future release
]]></system-err>
  </testcase>
</testsuite>